<?xml version="1.0" encoding="UTF-8" ?>
<testsuite failures="2" time="2.955" errors="2" skipped="0" tests="9" name="BackendTemp.BackendServer.WebsiteTest">
  <properties>
[...]
</properties>
  <testcase time="0.453" classname="BackendTemp.BackendServer.WebsiteTest" name="testGetTransactionsUnSuccessful"/>
  <testcase time="0.002" classname="BackendTemp.BackendServer.WebsiteTest" name="testCreateUserAlreadyRegistered">
    <error message="Unresolved compilation problem: 
	The method CreateUser(String, String, String, String, String, String, String, String, String, String) in the type WebsiteController is not applicable for the arguments (String, String, String, String, String, String, String, String, String)
" type="java.lang.Error">java.lang.Error: Unresolved compilation problem: 
	The method CreateUser(String, String, String, String, String, String, String, String, String, String) in the type WebsiteController is not applicable for the arguments (String, String, String, String, String, String, String, String, String)

	at BackendTemp.BackendServer.WebsiteTest.testCreateUserAlreadyRegistered(WebsiteTest.java:58)
</error>
  </testcase>
  <testcase time="0.417" classname="BackendTemp.BackendServer.WebsiteTest" name="testGetTransactionsSuccessful"/>
  <testcase time="0.416" classname="BackendTemp.BackendServer.WebsiteTest" name="testGetLeaderboardsSuccessful"/>
  <testcase time="0.407" classname="BackendTemp.BackendServer.WebsiteTest" name="testDeleteAccountUnsuccessful"/>
  <testcase time="0.418" classname="BackendTemp.BackendServer.WebsiteTest" name="testLoginFailure"/>
  <testcase time="0.001" classname="BackendTemp.BackendServer.WebsiteTest" name="testCreateUserSuccess">
    <error message="Unresolved compilation problem: 
	The method CreateUser(String, String, String, String, String, String, String, String, String, String) in the type WebsiteController is not applicable for the arguments (String, String, String, String, String, String, String, String, String)
" type="java.lang.Error">java.lang.Error: Unresolved compilation problem: 
	The method CreateUser(String, String, String, String, String, String, String, String, String, String) in the type WebsiteController is not applicable for the arguments (String, String, String, String, String, String, String, String, String)

	at BackendTemp.BackendServer.WebsiteTest.testCreateUserSuccess(WebsiteTest.java:42)
</error>
  </testcase>
  <testcase time="0.431" classname="BackendTemp.BackendServer.WebsiteTest" name="testDeleteAccountSuccess">
    <failure message="expected same:&lt;Account not Found&gt; was not:&lt;Account Deleted&gt;" type="junit.framework.AssertionFailedError">junit.framework.AssertionFailedError: expected same:&lt;Account not Found&gt; was not:&lt;Account Deleted&gt;
	at junit.framework.Assert.fail(Assert.java:47)
	at junit.framework.Assert.failNotSame(Assert.java:278)
	at junit.framework.Assert.assertSame(Assert.java:242)
	at junit.framework.Assert.assertSame(Assert.java:249)
	at BackendTemp.BackendServer.WebsiteTest.testDeleteAccountSuccess(WebsiteTest.java:67)
</failure>
  </testcase>
  <testcase time="0.41" classname="BackendTemp.BackendServer.WebsiteTest" name="testLoginSuccess">
    <failure message="expected same:&lt;Invalid Login&gt; was not:&lt;Success&gt;" type="junit.framework.AssertionFailedError">junit.framework.AssertionFailedError: expected same:&lt;Invalid Login&gt; was not:&lt;Success&gt;
	at junit.framework.Assert.fail(Assert.java:47)
	at junit.framework.Assert.failNotSame(Assert.java:278)
	at junit.framework.Assert.assertSame(Assert.java:242)
	at junit.framework.Assert.assertSame(Assert.java:249)
	at BackendTemp.BackendServer.WebsiteTest.testLoginSuccess(WebsiteTest.java:18)
</failure>
  </testcase>
</testsuite>