<?xml version="1.0" encoding="UTF-8" ?>
<testsuite failures="2" time="2.406" errors="2" skipped="0" tests="9" name="BackendTemp.BackendServer.WebsiteTest">
  <properties>
[...]
</properties>
  <testcase time="0.002" classname="BackendTemp.BackendServer.WebsiteTest" name="testCreateUserAlreadyRegistered">
    <error message="Unresolved compilation problem: 
	The method CreateUser(String, String, String, String, String, String, String, String, String, String) in the type WebsiteController is not applicable for the arguments (String, String, String, String, String, String, String, String, String)
" type="java.lang.Error">java.lang.Error: Unresolved compilation problem: 
	The method CreateUser(String, String, String, String, String, String, String, String, String, String) in the type WebsiteController is not applicable for the arguments (String, String, String, String, String, String, String, String, String)

	at BackendTemp.BackendServer.WebsiteTest.testCreateUserAlreadyRegistered(WebsiteTest.java:58)
</error>
    <system-err>com.jcraft.jsch.JSchException: PortForwardingL: local port 127.0.0.1:3366 cannot be bound.
	at com.jcraft.jsch.PortWatcher.&lt;init&gt;(PortWatcher.java:158)
	at com.jcraft.jsch.PortWatcher.addPort(PortWatcher.java:110)
	at com.jcraft.jsch.Session.setPortForwardingL(Session.java:1836)
	at com.jcraft.jsch.Session.setPortForwardingL(Session.java:1817)
	at com.jcraft.jsch.Session.setPortForwardingL(Session.java:1798)
	at com.jcraft.jsch.Session.setPortForwardingL(Session.java:1781)
	at apiServer.Website.sshTunnel(Website.java:227)
	at apiServer.Website.&lt;init&gt;(Website.java:54)
	at apiServer.WebsiteController.&lt;init&gt;(WebsiteController.java:13)
	at BackendTemp.BackendServer.WebsiteTest.&lt;init&gt;(WebsiteTest.java:11)
	at sun.reflect.NativeConstructorAccessorImpl.newInstance0(Native Method)
	at sun.reflect.NativeConstructorAccessorImpl.newInstance(NativeConstructorAccessorImpl.java:57)
	at sun.reflect.DelegatingConstructorAccessorImpl.newInstance(DelegatingConstructorAccessorImpl.java:45)
	at java.lang.reflect.Constructor.newInstance(Constructor.java:526)
	at junit.framework.TestSuite.createTest(TestSuite.java:131)
	at junit.framework.TestSuite.addTestMethod(TestSuite.java:114)
	at junit.framework.TestSuite.&lt;init&gt;(TestSuite.java:75)
	at sun.reflect.NativeConstructorAccessorImpl.newInstance0(Native Method)
	at sun.reflect.NativeConstructorAccessorImpl.newInstance(NativeConstructorAccessorImpl.java:57)
	at sun.reflect.DelegatingConstructorAccessorImpl.newInstance(DelegatingConstructorAccessorImpl.java:45)
	at java.lang.reflect.Constructor.newInstance(Constructor.java:526)
	at org.apache.maven.surefire.common.junit3.JUnit3Reflector.constructTestObject(JUnit3Reflector.java:127)
	at org.apache.maven.surefire.junit.JUnitTestSet.execute(JUnitTestSet.java:70)
	at org.apache.maven.surefire.junit.JUnit3Provider.executeTestSet(JUnit3Provider.java:121)
	at org.apache.maven.surefire.junit.JUnit3Provider.invoke(JUnit3Provider.java:98)
	at sun.reflect.NativeMethodAccessorImpl.invoke0(Native Method)
	at sun.reflect.NativeMethodAccessorImpl.invoke(NativeMethodAccessorImpl.java:57)
	at sun.reflect.DelegatingMethodAccessorImpl.invoke(DelegatingMethodAccessorImpl.java:43)
	at java.lang.reflect.Method.invoke(Method.java:606)
	at org.apache.maven.surefire.util.ReflectionUtils.invokeMethodWithArray(ReflectionUtils.java:189)
	at org.apache.maven.surefire.booter.ProviderFactory$ProviderProxy.invoke(ProviderFactory.java:165)
	at org.apache.maven.surefire.booter.ProviderFactory.invokeProvider(ProviderFactory.java:85)
	at org.apache.maven.surefire.booter.ForkedBooter.runSuitesInProcess(ForkedBooter.java:115)
	at org.apache.maven.surefire.booter.ForkedBooter.main(ForkedBooter.java:75)
Caused by: java.net.BindException: Address already in use: JVM_Bind
	at java.net.DualStackPlainSocketImpl.bind0(Native Method)
	at java.net.DualStackPlainSocketImpl.socketBind(DualStackPlainSocketImpl.java:106)
	at java.net.AbstractPlainSocketImpl.bind(AbstractPlainSocketImpl.java:376)
	at java.net.PlainSocketImpl.bind(PlainSocketImpl.java:190)
	at java.net.ServerSocket.bind(ServerSocket.java:376)
	at java.net.ServerSocket.&lt;init&gt;(ServerSocket.java:237)
	at com.jcraft.jsch.PortWatcher.&lt;init&gt;(PortWatcher.java:150)
	... 33 more
com.jcraft.jsch.JSchException: PortForwardingL: local port 127.0.0.1:3366 cannot be bound.
	at com.jcraft.jsch.PortWatcher.&lt;init&gt;(PortWatcher.java:158)
	at com.jcraft.jsch.PortWatcher.addPort(PortWatcher.java:110)
	at com.jcraft.jsch.Session.setPortForwardingL(Session.java:1836)
	at com.jcraft.jsch.Session.setPortForwardingL(Session.java:1817)
	at com.jcraft.jsch.Session.setPortForwardingL(Session.java:1798)
	at com.jcraft.jsch.Session.setPortForwardingL(Session.java:1781)
	at apiServer.Website.sshTunnel(Website.java:227)
	at apiServer.Website.&lt;init&gt;(Website.java:54)
	at apiServer.WebsiteController.&lt;init&gt;(WebsiteController.java:13)
	at BackendTemp.BackendServer.WebsiteTest.&lt;init&gt;(WebsiteTest.java:11)
	at sun.reflect.NativeConstructorAccessorImpl.newInstance0(Native Method)
	at sun.reflect.NativeConstructorAccessorImpl.newInstance(NativeConstructorAccessorImpl.java:57)
	at sun.reflect.DelegatingConstructorAccessorImpl.newInstance(DelegatingConstructorAccessorImpl.java:45)
	at java.lang.reflect.Constructor.newInstance(Constructor.java:526)
	at junit.framework.TestSuite.createTest(TestSuite.java:131)
	at junit.framework.TestSuite.addTestMethod(TestSuite.java:114)
	at junit.framework.TestSuite.&lt;init&gt;(TestSuite.java:75)
	at sun.reflect.NativeConstructorAccessorImpl.newInstance0(Native Method)
	at sun.reflect.NativeConstructorAccessorImpl.newInstance(NativeConstructorAccessorImpl.java:57)
	at sun.reflect.DelegatingConstructorAccessorImpl.newInstance(DelegatingConstructorAccessorImpl.java:45)
	at java.lang.reflect.Constructor.newInstance(Constructor.java:526)
	at org.apache.maven.surefire.common.junit3.JUnit3Reflector.constructTestObject(JUnit3Reflector.java:127)
	at org.apache.maven.surefire.junit.JUnitTestSet.execute(JUnitTestSet.java:70)
	at org.apache.maven.surefire.junit.JUnit3Provider.executeTestSet(JUnit3Provider.java:121)
	at org.apache.maven.surefire.junit.JUnit3Provider.invoke(JUnit3Provider.java:98)
	at sun.reflect.NativeMethodAccessorImpl.invoke0(Native Method)
	at sun.reflect.NativeMethodAccessorImpl.invoke(NativeMethodAccessorImpl.java:57)
	at sun.reflect.DelegatingMethodAccessorImpl.invoke(DelegatingMethodAccessorImpl.java:43)
	at java.lang.reflect.Method.invoke(Method.java:606)
	at org.apache.maven.surefire.util.ReflectionUtils.invokeMethodWithArray(ReflectionUtils.java:189)
	at org.apache.maven.surefire.booter.ProviderFactory$ProviderProxy.invoke(ProviderFactory.java:165)
	at org.apache.maven.surefire.booter.ProviderFactory.invokeProvider(ProviderFactory.java:85)
	at org.apache.maven.surefire.booter.ForkedBooter.runSuitesInProcess(ForkedBooter.java:115)
	at org.apache.maven.surefire.booter.ForkedBooter.main(ForkedBooter.java:75)
Caused by: java.net.BindException: Address already in use: JVM_Bind
	at java.net.DualStackPlainSocketImpl.bind0(Native Method)
	at java.net.DualStackPlainSocketImpl.socketBind(DualStackPlainSocketImpl.java:106)
	at java.net.AbstractPlainSocketImpl.bind(AbstractPlainSocketImpl.java:376)
	at java.net.PlainSocketImpl.bind(PlainSocketImpl.java:190)
	at java.net.ServerSocket.bind(ServerSocket.java:376)
	at java.net.ServerSocket.&lt;init&gt;(ServerSocket.java:237)
	at com.jcraft.jsch.PortWatcher.&lt;init&gt;(PortWatcher.java:150)
	... 33 more
com.jcraft.jsch.JSchException: PortForwardingL: local port 127.0.0.1:3366 cannot be bound.
	at com.jcraft.jsch.PortWatcher.&lt;init&gt;(PortWatcher.java:158)
	at com.jcraft.jsch.PortWatcher.addPort(PortWatcher.java:110)
	at com.jcraft.jsch.Session.setPortForwardingL(Session.java:1836)
	at com.jcraft.jsch.Session.setPortForwardingL(Session.java:1817)
	at com.jcraft.jsch.Session.setPortForwardingL(Session.java:1798)
	at com.jcraft.jsch.Session.setPortForwardingL(Session.java:1781)
	at apiServer.Website.sshTunnel(Website.java:227)
	at apiServer.Website.&lt;init&gt;(Website.java:54)
	at apiServer.WebsiteController.&lt;init&gt;(WebsiteController.java:13)
	at BackendTemp.BackendServer.WebsiteTest.&lt;init&gt;(WebsiteTest.java:11)
	at sun.reflect.NativeConstructorAccessorImpl.newInstance0(Native Method)
	at sun.reflect.NativeConstructorAccessorImpl.newInstance(NativeConstructorAccessorImpl.java:57)
	at sun.reflect.DelegatingConstructorAccessorImpl.newInstance(DelegatingConstructorAccessorImpl.java:45)
	at java.lang.reflect.Constructor.newInstance(Constructor.java:526)
	at junit.framework.TestSuite.createTest(TestSuite.java:131)
	at junit.framework.TestSuite.addTestMethod(TestSuite.java:114)
	at junit.framework.TestSuite.&lt;init&gt;(TestSuite.java:75)
	at sun.reflect.NativeConstructorAccessorImpl.newInstance0(Native Method)
	at sun.reflect.NativeConstructorAccessorImpl.newInstance(NativeConstructorAccessorImpl.java:57)
	at sun.reflect.DelegatingConstructorAccessorImpl.newInstance(DelegatingConstructorAccessorImpl.java:45)
	at java.lang.reflect.Constructor.newInstance(Constructor.java:526)
	at org.apache.maven.surefire.common.junit3.JUnit3Reflector.constructTestObject(JUnit3Reflector.java:127)
	at org.apache.maven.surefire.junit.JUnitTestSet.execute(JUnitTestSet.java:70)
	at org.apache.maven.surefire.junit.JUnit3Provider.executeTestSet(JUnit3Provider.java:121)
	at org.apache.maven.surefire.junit.JUnit3Provider.invoke(JUnit3Provider.java:98)
	at sun.reflect.NativeMethodAccessorImpl.invoke0(Native Method)
	at sun.reflect.NativeMethodAccessorImpl.invoke(NativeMethodAccessorImpl.java:57)
	at sun.reflect.DelegatingMethodAccessorImpl.invoke(DelegatingMethodAccessorImpl.java:43)
	at java.lang.reflect.Method.invoke(Method.java:606)
	at org.apache.maven.surefire.util.ReflectionUtils.invokeMethodWithArray(ReflectionUtils.java:189)
	at org.apache.maven.surefire.booter.ProviderFactory$ProviderProxy.invoke(ProviderFactory.java:165)
	at org.apache.maven.surefire.booter.ProviderFactory.invokeProvider(ProviderFactory.java:85)
	at org.apache.maven.surefire.booter.ForkedBooter.runSuitesInProcess(ForkedBooter.java:115)
	at org.apache.maven.surefire.booter.ForkedBooter.main(ForkedBooter.java:75)
Caused by: java.net.BindException: Address already in use: JVM_Bind
	at java.net.DualStackPlainSocketImpl.bind0(Native Method)
	at java.net.DualStackPlainSocketImpl.socketBind(DualStackPlainSocketImpl.java:106)
	at java.net.AbstractPlainSocketImpl.bind(AbstractPlainSocketImpl.java:376)
	at java.net.PlainSocketImpl.bind(PlainSocketImpl.java:190)
	at java.net.ServerSocket.bind(ServerSocket.java:376)
	at java.net.ServerSocket.&lt;init&gt;(ServerSocket.java:237)
	at com.jcraft.jsch.PortWatcher.&lt;init&gt;(PortWatcher.java:150)
	... 33 more
com.jcraft.jsch.JSchException: PortForwardingL: local port 127.0.0.1:3366 cannot be bound.
	at com.jcraft.jsch.PortWatcher.&lt;init&gt;(PortWatcher.java:158)
	at com.jcraft.jsch.PortWatcher.addPort(PortWatcher.java:110)
	at com.jcraft.jsch.Session.setPortForwardingL(Session.java:1836)
	at com.jcraft.jsch.Session.setPortForwardingL(Session.java:1817)
	at com.jcraft.jsch.Session.setPortForwardingL(Session.java:1798)
	at com.jcraft.jsch.Session.setPortForwardingL(Session.java:1781)
	at apiServer.Website.sshTunnel(Website.java:227)
	at apiServer.Website.&lt;init&gt;(Website.java:54)
	at apiServer.WebsiteController.&lt;init&gt;(WebsiteController.java:13)
	at BackendTemp.BackendServer.WebsiteTest.&lt;init&gt;(WebsiteTest.java:11)
	at sun.reflect.NativeConstructorAccessorImpl.newInstance0(Native Method)
	at sun.reflect.NativeConstructorAccessorImpl.newInstance(NativeConstructorAccessorImpl.java:57)
	at sun.reflect.DelegatingConstructorAccessorImpl.newInstance(DelegatingConstructorAccessorImpl.java:45)
	at java.lang.reflect.Constructor.newInstance(Constructor.java:526)
	at junit.framework.TestSuite.createTest(TestSuite.java:131)
	at junit.framework.TestSuite.addTestMethod(TestSuite.java:114)
	at junit.framework.TestSuite.&lt;init&gt;(TestSuite.java:75)
	at sun.reflect.NativeConstructorAccessorImpl.newInstance0(Native Method)
	at sun.reflect.NativeConstructorAccessorImpl.newInstance(NativeConstructorAccessorImpl.java:57)
	at sun.reflect.DelegatingConstructorAccessorImpl.newInstance(DelegatingConstructorAccessorImpl.java:45)
	at java.lang.reflect.Constructor.newInstance(Constructor.java:526)
	at org.apache.maven.surefire.common.junit3.JUnit3Reflector.constructTestObject(JUnit3Reflector.java:127)
	at org.apache.maven.surefire.junit.JUnitTestSet.execute(JUnitTestSet.java:70)
	at org.apache.maven.surefire.junit.JUnit3Provider.executeTestSet(JUnit3Provider.java:121)
	at org.apache.maven.surefire.junit.JUnit3Provider.invoke(JUnit3Provider.java:98)
	at sun.reflect.NativeMethodAccessorImpl.invoke0(Native Method)
	at sun.reflect.NativeMethodAccessorImpl.invoke(NativeMethodAccessorImpl.java:57)
	at sun.reflect.DelegatingMethodAccessorImpl.invoke(DelegatingMethodAccessorImpl.java:43)
	at java.lang.reflect.Method.invoke(Method.java:606)
	at org.apache.maven.surefire.util.ReflectionUtils.invokeMethodWithArray(ReflectionUtils.java:189)
	at org.apache.maven.surefire.booter.ProviderFactory$ProviderProxy.invoke(ProviderFactory.java:165)
	at org.apache.maven.surefire.booter.ProviderFactory.invokeProvider(ProviderFactory.java:85)
	at org.apache.maven.surefire.booter.ForkedBooter.runSuitesInProcess(ForkedBooter.java:115)
	at org.apache.maven.surefire.booter.ForkedBooter.main(ForkedBooter.java:75)
Caused by: java.net.BindException: Address already in use: JVM_Bind
	at java.net.DualStackPlainSocketImpl.bind0(Native Method)
	at java.net.DualStackPlainSocketImpl.socketBind(DualStackPlainSocketImpl.java:106)
	at java.net.AbstractPlainSocketImpl.bind(AbstractPlainSocketImpl.java:376)
	at java.net.PlainSocketImpl.bind(PlainSocketImpl.java:190)
	at java.net.ServerSocket.bind(ServerSocket.java:376)
	at java.net.ServerSocket.&lt;init&gt;(ServerSocket.java:237)
	at com.jcraft.jsch.PortWatcher.&lt;init&gt;(PortWatcher.java:150)
	... 33 more
com.jcraft.jsch.JSchException: PortForwardingL: local port 127.0.0.1:3366 cannot be bound.
	at com.jcraft.jsch.PortWatcher.&lt;init&gt;(PortWatcher.java:158)
	at com.jcraft.jsch.PortWatcher.addPort(PortWatcher.java:110)
	at com.jcraft.jsch.Session.setPortForwardingL(Session.java:1836)
	at com.jcraft.jsch.Session.setPortForwardingL(Session.java:1817)
	at com.jcraft.jsch.Session.setPortForwardingL(Session.java:1798)
	at com.jcraft.jsch.Session.setPortForwardingL(Session.java:1781)
	at apiServer.Website.sshTunnel(Website.java:227)
	at apiServer.Website.&lt;init&gt;(Website.java:54)
	at apiServer.WebsiteController.&lt;init&gt;(WebsiteController.java:13)
	at BackendTemp.BackendServer.WebsiteTest.&lt;init&gt;(WebsiteTest.java:11)
	at sun.reflect.NativeConstructorAccessorImpl.newInstance0(Native Method)
	at sun.reflect.NativeConstructorAccessorImpl.newInstance(NativeConstructorAccessorImpl.java:57)
	at sun.reflect.DelegatingConstructorAccessorImpl.newInstance(DelegatingConstructorAccessorImpl.java:45)
	at java.lang.reflect.Constructor.newInstance(Constructor.java:526)
	at junit.framework.TestSuite.createTest(TestSuite.java:131)
	at junit.framework.TestSuite.addTestMethod(TestSuite.java:114)
	at junit.framework.TestSuite.&lt;init&gt;(TestSuite.java:75)
	at sun.reflect.NativeConstructorAccessorImpl.newInstance0(Native Method)
	at sun.reflect.NativeConstructorAccessorImpl.newInstance(NativeConstructorAccessorImpl.java:57)
	at sun.reflect.DelegatingConstructorAccessorImpl.newInstance(DelegatingConstructorAccessorImpl.java:45)
	at java.lang.reflect.Constructor.newInstance(Constructor.java:526)
	at org.apache.maven.surefire.common.junit3.JUnit3Reflector.constructTestObject(JUnit3Reflector.java:127)
	at org.apache.maven.surefire.junit.JUnitTestSet.execute(JUnitTestSet.java:70)
	at org.apache.maven.surefire.junit.JUnit3Provider.executeTestSet(JUnit3Provider.java:121)
	at org.apache.maven.surefire.junit.JUnit3Provider.invoke(JUnit3Provider.java:98)
	at sun.reflect.NativeMethodAccessorImpl.invoke0(Native Method)
	at sun.reflect.NativeMethodAccessorImpl.invoke(NativeMethodAccessorImpl.java:57)
	at sun.reflect.DelegatingMethodAccessorImpl.invoke(DelegatingMethodAccessorImpl.java:43)
	at java.lang.reflect.Method.invoke(Method.java:606)
	at org.apache.maven.surefire.util.ReflectionUtils.invokeMethodWithArray(ReflectionUtils.java:189)
	at org.apache.maven.surefire.booter.ProviderFactory$ProviderProxy.invoke(ProviderFactory.java:165)
	at org.apache.maven.surefire.booter.ProviderFactory.invokeProvider(ProviderFactory.java:85)
	at org.apache.maven.surefire.booter.ForkedBooter.runSuitesInProcess(ForkedBooter.java:115)
	at org.apache.maven.surefire.booter.ForkedBooter.main(ForkedBooter.java:75)
Caused by: java.net.BindException: Address already in use: JVM_Bind
	at java.net.DualStackPlainSocketImpl.bind0(Native Method)
	at java.net.DualStackPlainSocketImpl.socketBind(DualStackPlainSocketImpl.java:106)
	at java.net.AbstractPlainSocketImpl.bind(AbstractPlainSocketImpl.java:376)
	at java.net.PlainSocketImpl.bind(PlainSocketImpl.java:190)
	at java.net.ServerSocket.bind(ServerSocket.java:376)
	at java.net.ServerSocket.&lt;init&gt;(ServerSocket.java:237)
	at com.jcraft.jsch.PortWatcher.&lt;init&gt;(PortWatcher.java:150)
	... 33 more
com.jcraft.jsch.JSchException: PortForwardingL: local port 127.0.0.1:3366 cannot be bound.
	at com.jcraft.jsch.PortWatcher.&lt;init&gt;(PortWatcher.java:158)
	at com.jcraft.jsch.PortWatcher.addPort(PortWatcher.java:110)
	at com.jcraft.jsch.Session.setPortForwardingL(Session.java:1836)
	at com.jcraft.jsch.Session.setPortForwardingL(Session.java:1817)
	at com.jcraft.jsch.Session.setPortForwardingL(Session.java:1798)
	at com.jcraft.jsch.Session.setPortForwardingL(Session.java:1781)
	at apiServer.Website.sshTunnel(Website.java:227)
	at apiServer.Website.&lt;init&gt;(Website.java:54)
	at apiServer.WebsiteController.&lt;init&gt;(WebsiteController.java:13)
	at BackendTemp.BackendServer.WebsiteTest.&lt;init&gt;(WebsiteTest.java:11)
	at sun.reflect.NativeConstructorAccessorImpl.newInstance0(Native Method)
	at sun.reflect.NativeConstructorAccessorImpl.newInstance(NativeConstructorAccessorImpl.java:57)
	at sun.reflect.DelegatingConstructorAccessorImpl.newInstance(DelegatingConstructorAccessorImpl.java:45)
	at java.lang.reflect.Constructor.newInstance(Constructor.java:526)
	at junit.framework.TestSuite.createTest(TestSuite.java:131)
	at junit.framework.TestSuite.addTestMethod(TestSuite.java:114)
	at junit.framework.TestSuite.&lt;init&gt;(TestSuite.java:75)
	at sun.reflect.NativeConstructorAccessorImpl.newInstance0(Native Method)
	at sun.reflect.NativeConstructorAccessorImpl.newInstance(NativeConstructorAccessorImpl.java:57)
	at sun.reflect.DelegatingConstructorAccessorImpl.newInstance(DelegatingConstructorAccessorImpl.java:45)
	at java.lang.reflect.Constructor.newInstance(Constructor.java:526)
	at org.apache.maven.surefire.common.junit3.JUnit3Reflector.constructTestObject(JUnit3Reflector.java:127)
	at org.apache.maven.surefire.junit.JUnitTestSet.execute(JUnitTestSet.java:70)
	at org.apache.maven.surefire.junit.JUnit3Provider.executeTestSet(JUnit3Provider.java:121)
	at org.apache.maven.surefire.junit.JUnit3Provider.invoke(JUnit3Provider.java:98)
	at sun.reflect.NativeMethodAccessorImpl.invoke0(Native Method)
	at sun.reflect.NativeMethodAccessorImpl.invoke(NativeMethodAccessorImpl.java:57)
	at sun.reflect.DelegatingMethodAccessorImpl.invoke(DelegatingMethodAccessorImpl.java:43)
	at java.lang.reflect.Method.invoke(Method.java:606)
	at org.apache.maven.surefire.util.ReflectionUtils.invokeMethodWithArray(ReflectionUtils.java:189)
	at org.apache.maven.surefire.booter.ProviderFactory$ProviderProxy.invoke(ProviderFactory.java:165)
	at org.apache.maven.surefire.booter.ProviderFactory.invokeProvider(ProviderFactory.java:85)
	at org.apache.maven.surefire.booter.ForkedBooter.runSuitesInProcess(ForkedBooter.java:115)
	at org.apache.maven.surefire.booter.ForkedBooter.main(ForkedBooter.java:75)
Caused by: java.net.BindException: Address already in use: JVM_Bind
	at java.net.DualStackPlainSocketImpl.bind0(Native Method)
	at java.net.DualStackPlainSocketImpl.socketBind(DualStackPlainSocketImpl.java:106)
	at java.net.AbstractPlainSocketImpl.bind(AbstractPlainSocketImpl.java:376)
	at java.net.PlainSocketImpl.bind(PlainSocketImpl.java:190)
	at java.net.ServerSocket.bind(ServerSocket.java:376)
	at java.net.ServerSocket.&lt;init&gt;(ServerSocket.java:237)
	at com.jcraft.jsch.PortWatcher.&lt;init&gt;(PortWatcher.java:150)
	... 33 more
com.jcraft.jsch.JSchException: PortForwardingL: local port 127.0.0.1:3366 cannot be bound.
	at com.jcraft.jsch.PortWatcher.&lt;init&gt;(PortWatcher.java:158)
	at com.jcraft.jsch.PortWatcher.addPort(PortWatcher.java:110)
	at com.jcraft.jsch.Session.setPortForwardingL(Session.java:1836)
	at com.jcraft.jsch.Session.setPortForwardingL(Session.java:1817)
	at com.jcraft.jsch.Session.setPortForwardingL(Session.java:1798)
	at com.jcraft.jsch.Session.setPortForwardingL(Session.java:1781)
	at apiServer.Website.sshTunnel(Website.java:227)
	at apiServer.Website.&lt;init&gt;(Website.java:54)
	at apiServer.WebsiteController.&lt;init&gt;(WebsiteController.java:13)
	at BackendTemp.BackendServer.WebsiteTest.&lt;init&gt;(WebsiteTest.java:11)
	at sun.reflect.NativeConstructorAccessorImpl.newInstance0(Native Method)
	at sun.reflect.NativeConstructorAccessorImpl.newInstance(NativeConstructorAccessorImpl.java:57)
	at sun.reflect.DelegatingConstructorAccessorImpl.newInstance(DelegatingConstructorAccessorImpl.java:45)
	at java.lang.reflect.Constructor.newInstance(Constructor.java:526)
	at junit.framework.TestSuite.createTest(TestSuite.java:131)
	at junit.framework.TestSuite.addTestMethod(TestSuite.java:114)
	at junit.framework.TestSuite.&lt;init&gt;(TestSuite.java:75)
	at sun.reflect.NativeConstructorAccessorImpl.newInstance0(Native Method)
	at sun.reflect.NativeConstructorAccessorImpl.newInstance(NativeConstructorAccessorImpl.java:57)
	at sun.reflect.DelegatingConstructorAccessorImpl.newInstance(DelegatingConstructorAccessorImpl.java:45)
	at java.lang.reflect.Constructor.newInstance(Constructor.java:526)
	at org.apache.maven.surefire.common.junit3.JUnit3Reflector.constructTestObject(JUnit3Reflector.java:127)
	at org.apache.maven.surefire.junit.JUnitTestSet.execute(JUnitTestSet.java:70)
	at org.apache.maven.surefire.junit.JUnit3Provider.executeTestSet(JUnit3Provider.java:121)
	at org.apache.maven.surefire.junit.JUnit3Provider.invoke(JUnit3Provider.java:98)
	at sun.reflect.NativeMethodAccessorImpl.invoke0(Native Method)
	at sun.reflect.NativeMethodAccessorImpl.invoke(NativeMethodAccessorImpl.java:57)
	at sun.reflect.DelegatingMethodAccessorImpl.invoke(DelegatingMethodAccessorImpl.java:43)
	at java.lang.reflect.Method.invoke(Method.java:606)
	at org.apache.maven.surefire.util.ReflectionUtils.invokeMethodWithArray(ReflectionUtils.java:189)
	at org.apache.maven.surefire.booter.ProviderFactory$ProviderProxy.invoke(ProviderFactory.java:165)
	at org.apache.maven.surefire.booter.ProviderFactory.invokeProvider(ProviderFactory.java:85)
	at org.apache.maven.surefire.booter.ForkedBooter.runSuitesInProcess(ForkedBooter.java:115)
	at org.apache.maven.surefire.booter.ForkedBooter.main(ForkedBooter.java:75)
Caused by: java.net.BindException: Address already in use: JVM_Bind
	at java.net.DualStackPlainSocketImpl.bind0(Native Method)
	at java.net.DualStackPlainSocketImpl.socketBind(DualStackPlainSocketImpl.java:106)
	at java.net.AbstractPlainSocketImpl.bind(AbstractPlainSocketImpl.java:376)
	at java.net.PlainSocketImpl.bind(PlainSocketImpl.java:190)
	at java.net.ServerSocket.bind(ServerSocket.java:376)
	at java.net.ServerSocket.&lt;init&gt;(ServerSocket.java:237)
	at com.jcraft.jsch.PortWatcher.&lt;init&gt;(PortWatcher.java:150)
	... 33 more
com.jcraft.jsch.JSchException: PortForwardingL: local port 127.0.0.1:3366 cannot be bound.
	at com.jcraft.jsch.PortWatcher.&lt;init&gt;(PortWatcher.java:158)
	at com.jcraft.jsch.PortWatcher.addPort(PortWatcher.java:110)
	at com.jcraft.jsch.Session.setPortForwardingL(Session.java:1836)
	at com.jcraft.jsch.Session.setPortForwardingL(Session.java:1817)
	at com.jcraft.jsch.Session.setPortForwardingL(Session.java:1798)
	at com.jcraft.jsch.Session.setPortForwardingL(Session.java:1781)
	at apiServer.Website.sshTunnel(Website.java:227)
	at apiServer.Website.&lt;init&gt;(Website.java:54)
	at apiServer.WebsiteController.&lt;init&gt;(WebsiteController.java:13)
	at BackendTemp.BackendServer.WebsiteTest.&lt;init&gt;(WebsiteTest.java:11)
	at sun.reflect.NativeConstructorAccessorImpl.newInstance0(Native Method)
	at sun.reflect.NativeConstructorAccessorImpl.newInstance(NativeConstructorAccessorImpl.java:57)
	at sun.reflect.DelegatingConstructorAccessorImpl.newInstance(DelegatingConstructorAccessorImpl.java:45)
	at java.lang.reflect.Constructor.newInstance(Constructor.java:526)
	at junit.framework.TestSuite.createTest(TestSuite.java:131)
	at junit.framework.TestSuite.addTestMethod(TestSuite.java:114)
	at junit.framework.TestSuite.&lt;init&gt;(TestSuite.java:75)
	at sun.reflect.NativeConstructorAccessorImpl.newInstance0(Native Method)
	at sun.reflect.NativeConstructorAccessorImpl.newInstance(NativeConstructorAccessorImpl.java:57)
	at sun.reflect.DelegatingConstructorAccessorImpl.newInstance(DelegatingConstructorAccessorImpl.java:45)
	at java.lang.reflect.Constructor.newInstance(Constructor.java:526)
	at org.apache.maven.surefire.common.junit3.JUnit3Reflector.constructTestObject(JUnit3Reflector.java:127)
	at org.apache.maven.surefire.junit.JUnitTestSet.execute(JUnitTestSet.java:70)
	at org.apache.maven.surefire.junit.JUnit3Provider.executeTestSet(JUnit3Provider.java:121)
	at org.apache.maven.surefire.junit.JUnit3Provider.invoke(JUnit3Provider.java:98)
	at sun.reflect.NativeMethodAccessorImpl.invoke0(Native Method)
	at sun.reflect.NativeMethodAccessorImpl.invoke(NativeMethodAccessorImpl.java:57)
	at sun.reflect.DelegatingMethodAccessorImpl.invoke(DelegatingMethodAccessorImpl.java:43)
	at java.lang.reflect.Method.invoke(Method.java:606)
	at org.apache.maven.surefire.util.ReflectionUtils.invokeMethodWithArray(ReflectionUtils.java:189)
	at org.apache.maven.surefire.booter.ProviderFactory$ProviderProxy.invoke(ProviderFactory.java:165)
	at org.apache.maven.surefire.booter.ProviderFactory.invokeProvider(ProviderFactory.java:85)
	at org.apache.maven.surefire.booter.ForkedBooter.runSuitesInProcess(ForkedBooter.java:115)
	at org.apache.maven.surefire.booter.ForkedBooter.main(ForkedBooter.java:75)
Caused by: java.net.BindException: Address already in use: JVM_Bind
	at java.net.DualStackPlainSocketImpl.bind0(Native Method)
	at java.net.DualStackPlainSocketImpl.socketBind(DualStackPlainSocketImpl.java:106)
	at java.net.AbstractPlainSocketImpl.bind(AbstractPlainSocketImpl.java:376)
	at java.net.PlainSocketImpl.bind(PlainSocketImpl.java:190)
	at java.net.ServerSocket.bind(ServerSocket.java:376)
	at java.net.ServerSocket.&lt;init&gt;(ServerSocket.java:237)
	at com.jcraft.jsch.PortWatcher.&lt;init&gt;(PortWatcher.java:150)
	... 33 more
com.jcraft.jsch.JSchException: PortForwardingL: local port 127.0.0.1:3366 cannot be bound.
	at com.jcraft.jsch.PortWatcher.&lt;init&gt;(PortWatcher.java:158)
	at com.jcraft.jsch.PortWatcher.addPort(PortWatcher.java:110)
	at com.jcraft.jsch.Session.setPortForwardingL(Session.java:1836)
	at com.jcraft.jsch.Session.setPortForwardingL(Session.java:1817)
	at com.jcraft.jsch.Session.setPortForwardingL(Session.java:1798)
	at com.jcraft.jsch.Session.setPortForwardingL(Session.java:1781)
	at apiServer.Website.sshTunnel(Website.java:227)
	at apiServer.Website.&lt;init&gt;(Website.java:54)
	at apiServer.WebsiteController.&lt;init&gt;(WebsiteController.java:13)
	at BackendTemp.BackendServer.WebsiteTest.&lt;init&gt;(WebsiteTest.java:11)
	at sun.reflect.NativeConstructorAccessorImpl.newInstance0(Native Method)
	at sun.reflect.NativeConstructorAccessorImpl.newInstance(NativeConstructorAccessorImpl.java:57)
	at sun.reflect.DelegatingConstructorAccessorImpl.newInstance(DelegatingConstructorAccessorImpl.java:45)
	at java.lang.reflect.Constructor.newInstance(Constructor.java:526)
	at junit.framework.TestSuite.createTest(TestSuite.java:131)
	at junit.framework.TestSuite.addTestMethod(TestSuite.java:114)
	at junit.framework.TestSuite.&lt;init&gt;(TestSuite.java:75)
	at sun.reflect.NativeConstructorAccessorImpl.newInstance0(Native Method)
	at sun.reflect.NativeConstructorAccessorImpl.newInstance(NativeConstructorAccessorImpl.java:57)
	at sun.reflect.DelegatingConstructorAccessorImpl.newInstance(DelegatingConstructorAccessorImpl.java:45)
	at java.lang.reflect.Constructor.newInstance(Constructor.java:526)
	at org.apache.maven.surefire.common.junit3.JUnit3Reflector.constructTestObject(JUnit3Reflector.java:127)
	at org.apache.maven.surefire.junit.JUnitTestSet.execute(JUnitTestSet.java:70)
	at org.apache.maven.surefire.junit.JUnit3Provider.executeTestSet(JUnit3Provider.java:121)
	at org.apache.maven.surefire.junit.JUnit3Provider.invoke(JUnit3Provider.java:98)
	at sun.reflect.NativeMethodAccessorImpl.invoke0(Native Method)
	at sun.reflect.NativeMethodAccessorImpl.invoke(NativeMethodAccessorImpl.java:57)
	at sun.reflect.DelegatingMethodAccessorImpl.invoke(DelegatingMethodAccessorImpl.java:43)
	at java.lang.reflect.Method.invoke(Method.java:606)
	at org.apache.maven.surefire.util.ReflectionUtils.invokeMethodWithArray(ReflectionUtils.java:189)
	at org.apache.maven.surefire.booter.ProviderFactory$ProviderProxy.invoke(ProviderFactory.java:165)
	at org.apache.maven.surefire.booter.ProviderFactory.invokeProvider(ProviderFactory.java:85)
	at org.apache.maven.surefire.booter.ForkedBooter.runSuitesInProcess(ForkedBooter.java:115)
	at org.apache.maven.surefire.booter.ForkedBooter.main(ForkedBooter.java:75)
Caused by: java.net.BindException: Address already in use: JVM_Bind
	at java.net.DualStackPlainSocketImpl.bind0(Native Method)
	at java.net.DualStackPlainSocketImpl.socketBind(DualStackPlainSocketImpl.java:106)
	at java.net.AbstractPlainSocketImpl.bind(AbstractPlainSocketImpl.java:376)
	at java.net.PlainSocketImpl.bind(PlainSocketImpl.java:190)
	at java.net.ServerSocket.bind(ServerSocket.java:376)
	at java.net.ServerSocket.&lt;init&gt;(ServerSocket.java:237)
	at com.jcraft.jsch.PortWatcher.&lt;init&gt;(PortWatcher.java:150)
	... 33 more
</system-err>
  </testcase>
  <testcase time="0.363" classname="BackendTemp.BackendServer.WebsiteTest" name="testGetTransactionsUnSuccessful"/>
  <testcase time="0.331" classname="BackendTemp.BackendServer.WebsiteTest" name="testLoginSuccess">
    <failure message="expected same:&lt;Invalid Login&gt; was not:&lt;Success&gt;" type="junit.framework.AssertionFailedError">junit.framework.AssertionFailedError: expected same:&lt;Invalid Login&gt; was not:&lt;Success&gt;
	at junit.framework.Assert.fail(Assert.java:47)
	at junit.framework.Assert.failNotSame(Assert.java:278)
	at junit.framework.Assert.assertSame(Assert.java:242)
	at junit.framework.Assert.assertSame(Assert.java:249)
	at BackendTemp.BackendServer.WebsiteTest.testLoginSuccess(WebsiteTest.java:18)
</failure>
  </testcase>
  <testcase time="0" classname="BackendTemp.BackendServer.WebsiteTest" name="testCreateUserSuccess">
    <error message="Unresolved compilation problem: 
	The method CreateUser(String, String, String, String, String, String, String, String, String, String) in the type WebsiteController is not applicable for the arguments (String, String, String, String, String, String, String, String, String)
" type="java.lang.Error">java.lang.Error: Unresolved compilation problem: 
	The method CreateUser(String, String, String, String, String, String, String, String, String, String) in the type WebsiteController is not applicable for the arguments (String, String, String, String, String, String, String, String, String)

	at BackendTemp.BackendServer.WebsiteTest.testCreateUserSuccess(WebsiteTest.java:42)
</error>
  </testcase>
  <testcase time="0.331" classname="BackendTemp.BackendServer.WebsiteTest" name="testGetTransactionsSuccessful"/>
  <testcase time="0.363" classname="BackendTemp.BackendServer.WebsiteTest" name="testDeleteAccountUnsuccessful"/>
  <testcase time="0.344" classname="BackendTemp.BackendServer.WebsiteTest" name="testGetLeaderboardsSuccessful"/>
  <testcase time="0.337" classname="BackendTemp.BackendServer.WebsiteTest" name="testDeleteAccountSuccess">
    <failure message="expected same:&lt;Account not Found&gt; was not:&lt;Account Deleted&gt;" type="junit.framework.AssertionFailedError">junit.framework.AssertionFailedError: expected same:&lt;Account not Found&gt; was not:&lt;Account Deleted&gt;
	at junit.framework.Assert.fail(Assert.java:47)
	at junit.framework.Assert.failNotSame(Assert.java:278)
	at junit.framework.Assert.assertSame(Assert.java:242)
	at junit.framework.Assert.assertSame(Assert.java:249)
	at BackendTemp.BackendServer.WebsiteTest.testDeleteAccountSuccess(WebsiteTest.java:67)
</failure>
  </testcase>
  <testcase time="0.335" classname="BackendTemp.BackendServer.WebsiteTest" name="testLoginFailure"/>
</testsuite>