<?xml version="1.0" encoding="UTF-8" ?>
<testsuite failures="2" time="2.955" errors="2" skipped="0" tests="9" name="BackendTemp.BackendServer.WebsiteTest">
  <properties>
    <property name="java.runtime.name" value="Java(TM) SE Runtime Environment"/>
    <property name="sun.boot.library.path" value="T:\Java\jdk1.7.0_79\jre\bin"/>
    <property name="java.vm.version" value="24.79-b02"/>
    <property name="java.vm.vendor" value="Oracle Corporation"/>
    <property name="maven.multiModuleProjectDirectory" value="D:\Documents\Java Programs\BackendServer"/>
    <property name="java.vendor.url" value="http://java.oracle.com/"/>
    <property name="path.separator" value=";"/>
    <property name="guice.disable.misplaced.annotation.check" value="true"/>
    <property name="java.vm.name" value="Java HotSpot(TM) 64-Bit Server VM"/>
    <property name="file.encoding.pkg" value="sun.io"/>
    <property name="user.script" value=""/>
    <property name="user.country" value="US"/>
    <property name="sun.java.launcher" value="SUN_STANDARD"/>
    <property name="sun.os.patch.level" value=""/>
    <property name="java.vm.specification.name" value="Java Virtual Machine Specification"/>
    <property name="user.dir" value="D:\Documents\Java Programs\BackendServer"/>
    <property name="java.runtime.version" value="1.7.0_79-b15"/>
    <property name="java.awt.graphicsenv" value="sun.awt.Win32GraphicsEnvironment"/>
    <property name="java.endorsed.dirs" value="T:\Java\jdk1.7.0_79\jre\lib\endorsed"/>
    <property name="os.arch" value="amd64"/>
    <property name="java.io.tmpdir" value="C:\Users\Wiggles\AppData\Local\Temp\"/>
    <property name="line.separator" value="
"/>
    <property name="java.vm.specification.vendor" value="Oracle Corporation"/>
    <property name="user.variant" value=""/>
    <property name="os.name" value="Windows 8.1"/>
    <property name="classworlds.conf" value="D:\Documents\Java Programs\.metadata\.plugins\org.eclipse.m2e.launching\launches\m2conf8840339001771133826.tmp"/>
    <property name="sun.jnu.encoding" value="Cp1252"/>
    <property name="java.library.path" value="T:\Java\jdk1.7.0_79\bin;C:\Windows\Sun\Java\bin;C:\Windows\system32;C:\Windows;T:\Java\jdk1.7.0_79\bin;C:\Windows\system32;C:\Windows;C:\Windows\System32\Wbem;C:\Windows\System32\WindowsPowerShell\v1.0\;C:\Program Files (x86)\NVIDIA Corporation\PhysX\Common;T:\Livestreamer;T:\apache-maven-3.3.3\bin;;."/>
    <property name="java.specification.name" value="Java Platform API Specification"/>
    <property name="java.class.version" value="51.0"/>
    <property name="sun.management.compiler" value="HotSpot 64-Bit Tiered Compilers"/>
    <property name="os.version" value="6.3"/>
    <property name="user.home" value="C:\Users\Wiggles"/>
    <property name="user.timezone" value="America/Chicago"/>
    <property name="java.awt.printerjob" value="sun.awt.windows.WPrinterJob"/>
    <property name="java.specification.version" value="1.7"/>
    <property name="file.encoding" value="Cp1252"/>
    <property name="user.name" value="Wiggles"/>
    <property name="java.class.path" value="/C:/Users/Wiggles/.p2/pool/plugins/org.eclipse.m2e.maven.runtime_1.6.2.20150902-0001/jars/plexus-classworlds-2.5.2.jar"/>
    <property name="java.vm.specification.version" value="1.7"/>
    <property name="sun.arch.data.model" value="64"/>
    <property name="java.home" value="T:\Java\jdk1.7.0_79\jre"/>
    <property name="sun.java.command" value="org.codehaus.plexus.classworlds.launcher.Launcher -B compile package"/>
    <property name="java.specification.vendor" value="Oracle Corporation"/>
    <property name="user.language" value="en"/>
    <property name="awt.toolkit" value="sun.awt.windows.WToolkit"/>
    <property name="java.vm.info" value="mixed mode"/>
    <property name="java.version" value="1.7.0_79"/>
    <property name="java.ext.dirs" value="T:\Java\jdk1.7.0_79\jre\lib\ext;C:\Windows\Sun\Java\lib\ext"/>
    <property name="sun.boot.class.path" value="T:\Java\jdk1.7.0_79\jre\lib\resources.jar;T:\Java\jdk1.7.0_79\jre\lib\rt.jar;T:\Java\jdk1.7.0_79\jre\lib\sunrsasign.jar;T:\Java\jdk1.7.0_79\jre\lib\jsse.jar;T:\Java\jdk1.7.0_79\jre\lib\jce.jar;T:\Java\jdk1.7.0_79\jre\lib\charsets.jar;T:\Java\jdk1.7.0_79\jre\lib\jfr.jar;T:\Java\jdk1.7.0_79\jre\classes"/>
    <property name="java.vendor" value="Oracle Corporation"/>
    <property name="maven.home" value="D:\Documents\Java Programs\BackendServer\EMBEDDED"/>
    <property name="file.separator" value="\"/>
    <property name="java.vendor.url.bug" value="http://bugreport.sun.com/bugreport/"/>
    <property name="sun.cpu.endian" value="little"/>
    <property name="sun.io.unicode.encoding" value="UnicodeLittle"/>
    <property name="sun.desktop" value="windows"/>
    <property name="sun.cpu.isalist" value="amd64"/>
  </properties>
  <testcase time="0.453" classname="BackendTemp.BackendServer.WebsiteTest" name="testGetTransactionsUnSuccessful"/>
  <testcase time="0.002" classname="BackendTemp.BackendServer.WebsiteTest" name="testCreateUserAlreadyRegistered">
    <error message="Unresolved compilation problem: 
	The method CreateUser(String, String, String, String, String, String, String, String, String, String) in the type WebsiteController is not applicable for the arguments (String, String, String, String, String, String, String, String, String)
" type="java.lang.Error">java.lang.Error: Unresolved compilation problem: 
	The method CreateUser(String, String, String, String, String, String, String, String, String, String) in the type WebsiteController is not applicable for the arguments (String, String, String, String, String, String, String, String, String)

	at BackendTemp.BackendServer.WebsiteTest.testCreateUserAlreadyRegistered(WebsiteTest.java:58)
</error>
  </testcase>
  <testcase time="0.417" classname="BackendTemp.BackendServer.WebsiteTest" name="testGetTransactionsSuccessful"/>
  <testcase time="0.416" classname="BackendTemp.BackendServer.WebsiteTest" name="testGetLeaderboardsSuccessful"/>
  <testcase time="0.407" classname="BackendTemp.BackendServer.WebsiteTest" name="testDeleteAccountUnsuccessful"/>
  <testcase time="0.418" classname="BackendTemp.BackendServer.WebsiteTest" name="testLoginFailure"/>
  <testcase time="0.001" classname="BackendTemp.BackendServer.WebsiteTest" name="testCreateUserSuccess">
    <error message="Unresolved compilation problem: 
	The method CreateUser(String, String, String, String, String, String, String, String, String, String) in the type WebsiteController is not applicable for the arguments (String, String, String, String, String, String, String, String, String)
" type="java.lang.Error">java.lang.Error: Unresolved compilation problem: 
	The method CreateUser(String, String, String, String, String, String, String, String, String, String) in the type WebsiteController is not applicable for the arguments (String, String, String, String, String, String, String, String, String)

	at BackendTemp.BackendServer.WebsiteTest.testCreateUserSuccess(WebsiteTest.java:42)
</error>
  </testcase>
  <testcase time="0.431" classname="BackendTemp.BackendServer.WebsiteTest" name="testDeleteAccountSuccess">
    <failure message="expected same:&lt;Account not Found&gt; was not:&lt;Account Deleted&gt;" type="junit.framework.AssertionFailedError">junit.framework.AssertionFailedError: expected same:&lt;Account not Found&gt; was not:&lt;Account Deleted&gt;
	at junit.framework.Assert.fail(Assert.java:47)
	at junit.framework.Assert.failNotSame(Assert.java:278)
	at junit.framework.Assert.assertSame(Assert.java:242)
	at junit.framework.Assert.assertSame(Assert.java:249)
	at BackendTemp.BackendServer.WebsiteTest.testDeleteAccountSuccess(WebsiteTest.java:67)
</failure>
  </testcase>
  <testcase time="0.41" classname="BackendTemp.BackendServer.WebsiteTest" name="testLoginSuccess">
    <failure message="expected same:&lt;Invalid Login&gt; was not:&lt;Success&gt;" type="junit.framework.AssertionFailedError">junit.framework.AssertionFailedError: expected same:&lt;Invalid Login&gt; was not:&lt;Success&gt;
	at junit.framework.Assert.fail(Assert.java:47)
	at junit.framework.Assert.failNotSame(Assert.java:278)
	at junit.framework.Assert.assertSame(Assert.java:242)
	at junit.framework.Assert.assertSame(Assert.java:249)
	at BackendTemp.BackendServer.WebsiteTest.testLoginSuccess(WebsiteTest.java:18)
</failure>
  </testcase>
</testsuite>